<?xml version="1.0" encoding="UTF-8"?>
<!-- Generated by org.testng.reporters.JUnitReportReporter -->
<testsuite skipped="0" hostname="DESKTOP-VVLM4LK" name="com.user.payment.testcases.TC_paymentAPI" tests="5" failures="0" timestamp="2021-04-25T16:41:43 IST" time="3.464" errors="0">
  <testcase name="test_getAllPayments" time="1.814" classname="com.user.payment.testcases.TC_paymentAPI"/>
  <testcase name="test_getSpecificPayment" time="0.868" classname="com.user.payment.testcases.TC_paymentAPI"/>
  <testcase name="test_insertPayment" time="0.634" classname="com.user.payment.testcases.TC_paymentAPI"/>
  <testcase name="test_updatePayment" time="0.083" classname="com.user.payment.testcases.TC_paymentAPI"/>
  <testcase name="test_deletePayment" time="0.065" classname="com.user.payment.testcases.TC_paymentAPI"/>
</testsuite> <!-- com.user.payment.testcases.TC_paymentAPI -->
